root - ERROR - Scraping URl = http://187.160.245.251:8088/acuerdos/Listasaltillo.jsp?offset=400
root - ERROR - list index out of range = 
PRIMERO

root - ERROR - Scraping URl = http://187.160.245.251:8088/acuerdos/Listasaltillo.jsp?offset=450
root - ERROR - list index out of range = 
PRIMERO

root - ERROR - Scraping URl = http://187.160.245.251:8088/acuerdos/Listasaltillo.jsp?offset=500
root - ERROR - list index out of range = 
PRIMERO

root - ERROR - Scraping URl = http://187.160.245.251:8088/acuerdos/Listasaltillo.jsp?offset=550
root - ERROR - list index out of range = 
PRIMERO

root - ERROR - Scraping URl = http://187.160.245.251:8088/acuerdos/Listasaltillo.jsp?offset=600
root - ERROR - list index out of range = 
PRIMERO

root - ERROR - Scraping URl = http://187.160.245.251:8088/acuerdos/Listasaltillo.jsp?offset=650
root - ERROR - list index out of range = 
PRIMERO

root - ERROR - Folio has blank fecha = 44184
root - ERROR - fecha = 
root - ERROR - Scraping URl = http://187.160.245.251:8088/acuerdos/Listasaltillo.jsp?offset=700
root - ERROR - list index out of range = 
PRIMERO

root - ERROR - Scraping URl = http://187.160.245.251:8088/acuerdos/Listasaltillo.jsp?offset=750
root - ERROR - list index out of range = 
PRIMERO

root - ERROR - Scraping URl = http://187.160.245.251:8088/acuerdos/Listasaltillo.jsp?offset=800
root - ERROR - list index out of range = 
PRIMERO

root - ERROR - Scraping URl = http://187.160.245.251:8088/acuerdos/Listasaltillo.jsp?offset=850
root - ERROR - list index out of range = 
PRIMERO

root - ERROR - Scraping URl = http://187.160.245.251:8088/acuerdos/Listasaltillo.jsp?offset=900
root - ERROR - list index out of range = 
PRIMERO

root - ERROR - Scraping URl = http://187.160.245.251:8088/acuerdos/Listasaltillo.jsp?offset=950
root - ERROR - list index out of range = 
PRIMERO

root - ERROR - Scraping URl = http://187.160.245.251:8088/acuerdos/Listasaltillo.jsp?offset=1000
root - ERROR - list index out of range = 
PRIMERO

root - ERROR - Scraping URl = http://187.160.245.251:8088/acuerdos/Listasaltillo.jsp?offset=1050
root - ERROR - list index out of range = 
PRIMERO

root - ERROR - Scraping URl = http://187.160.245.251:8088/acuerdos/Listasaltillo.jsp?offset=1100
root - ERROR - list index out of range = 
PRIMERO

root - ERROR - Scraping URl = http://187.160.245.251:8088/acuerdos/Listasaltillo.jsp?offset=1150
root - ERROR - list index out of range = 
PRIMERO

root - ERROR - Scraping URl = http://187.160.245.251:8088/acuerdos/Listasaltillo.jsp?offset=1200
root - ERROR - list index out of range = 
PRIMERO

root - ERROR - Scraping URl = http://187.160.245.251:8088/acuerdos/Listasaltillo.jsp?offset=1250
root - ERROR - list index out of range = 
PRIMERO

root - ERROR - Scraping URl = http://187.160.245.251:8088/acuerdos/Listasaltillo.jsp?offset=1300
root - ERROR - list index out of range = 
PRIMERO

root - ERROR - Scraping URl = http://187.160.245.251:8088/acuerdos/Listasaltillo.jsp?offset=1350
root - ERROR - list index out of range = 
PRIMERO

root - ERROR - Scraping URl = http://187.160.245.251:8088/acuerdos/Listasaltillo.jsp?offset=1400
root - ERROR - list index out of range = 
PRIMERO

root - ERROR - Scraping URl = http://187.160.245.251:8088/acuerdos/Listasaltillo.jsp?offset=1450
root - ERROR - list index out of range = 
PRIMERO

root - ERROR - Scraping URl = http://187.160.245.251:8088/acuerdos/Listasaltillo.jsp?offset=1500
root - ERROR - list index out of range = 
PRIMERO

root - ERROR - Scraping URl = http://187.160.245.251:8088/acuerdos/Listasaltillo.jsp?offset=1550
root - ERROR - list index out of range = 
PRIMERO

root - ERROR - Scraping URl = http://187.160.245.251:8088/acuerdos/Listasaltillo.jsp?offset=1600
root - ERROR - list index out of range = 
PRIMERO

root - ERROR - Scraping URl = http://187.160.245.251:8088/acuerdos/Listasaltillo.jsp?offset=1650
root - ERROR - list index out of range = 
PRIMERO

root - ERROR - Scraping URl = http://187.160.245.251:8088/acuerdos/Listasaltillo.jsp?offset=1700
root - ERROR - list index out of range = 
PRIMERO

root - ERROR - Folio has blank fecha = 39503
root - ERROR - fecha = 
root - ERROR - Scraping URl = http://187.160.245.251:8088/acuerdos/Listasaltillo.jsp?offset=1750
root - ERROR - list index out of range = 
PRIMERO

root - ERROR - Scraping URl = http://187.160.245.251:8088/acuerdos/Listasaltillo.jsp?offset=1800
root - ERROR - list index out of range = 
PRIMERO

root - ERROR - Scraping URl = http://187.160.245.251:8088/acuerdos/Listasaltillo.jsp?offset=1850
root - ERROR - list index out of range = 
PRIMERO

root - ERROR - Scraping URl = http://187.160.245.251:8088/acuerdos/Listasaltillo.jsp?offset=1900
root - ERROR - list index out of range = 
PRIMERO

root - ERROR - Scraping URl = http://187.160.245.251:8088/acuerdos/Listasaltillo.jsp?offset=1950
root - ERROR - list index out of range = 
PRIMERO

root - ERROR - Folio has blank fecha = 38531
root - ERROR - fecha = 
root - ERROR - Scraping URl = http://187.160.245.251:8088/acuerdos/Listasaltillo.jsp?offset=2000
root - ERROR - list index out of range = 
PRIMERO

root - ERROR - Scraping URl = http://187.160.245.251:8088/acuerdos/Listasaltillo.jsp?offset=2050
root - ERROR - list index out of range = 
PRIMERO

root - ERROR - Scraping URl = http://187.160.245.251:8088/acuerdos/Listasaltillo.jsp?offset=2100
root - ERROR - list index out of range = 
PRIMERO

root - ERROR - Folio has blank fecha = 38245
root - ERROR - fecha = 
root - ERROR - Folio has blank fecha = 38104
root - ERROR - fecha = 
root - ERROR - Scraping URl = http://187.160.245.251:8088/acuerdos/Listasaltillo.jsp?offset=2150
root - ERROR - list index out of range = 
PRIMERO

root - ERROR - Scraping URl = http://187.160.245.251:8088/acuerdos/Listasaltillo.jsp?offset=2200
root - ERROR - list index out of range = 
PRIMERO

root - ERROR - Scraping URl = http://187.160.245.251:8088/acuerdos/Listasaltillo.jsp?offset=2250
root - ERROR - list index out of range = 
PRIMERO

root - ERROR - Folio has blank fecha = 37355
root - ERROR - fecha = 
root - ERROR - Scraping URl = http://187.160.245.251:8088/acuerdos/Listasaltillo.jsp?offset=2300
root - ERROR - list index out of range = 
PRIMERO

root - ERROR - Scraping URl = http://187.160.245.251:8088/acuerdos/Listasaltillo.jsp?offset=2350
root - ERROR - list index out of range = 
PRIMERO

root - ERROR - Scraping URl = http://187.160.245.251:8088/acuerdos/Listasaltillo.jsp?offset=2400
root - ERROR - list index out of range = 
PRIMERO

root - ERROR - Scraping URl = http://187.160.245.251:8088/acuerdos/Listasaltillo.jsp?offset=2450
root - ERROR - list index out of range = 
PRIMERO

root - ERROR - Scraping URl = http://187.160.245.251:8088/acuerdos/Listasaltillo.jsp?offset=2500
root - ERROR - list index out of range = 
PRIMERO

root - ERROR - Folio has blank fecha = 36720
root - ERROR - fecha = 
root - ERROR - Scraping URl = http://187.160.245.251:8088/acuerdos/Listasaltillo.jsp?offset=2550
root - ERROR - list index out of range = 
PRIMERO

root - ERROR - Scraping URl = http://187.160.245.251:8088/acuerdos/Listasaltillo.jsp?offset=2600
root - ERROR - list index out of range = 
PRIMERO

root - ERROR - Folio has blank fecha = 36492
root - ERROR - fecha = 
root - ERROR - time data '03/10/201' does not match format '%d/%b/%y' = 36488
root - ERROR - fecha = 03/10/201
root - ERROR - Scraping URl = http://187.160.245.251:8088/acuerdos/Listasaltillo.jsp?offset=2650
root - ERROR - list index out of range = 
PRIMERO

root - ERROR - Scraping URl = http://187.160.245.251:8088/acuerdos/Listasaltillo.jsp?offset=2700
root - ERROR - list index out of range = 
PRIMERO

root - ERROR - Scraping URl = http://187.160.245.251:8088/acuerdos/Listasaltillo.jsp?offset=2750
root - ERROR - list index out of range = 
PRIMERO

root - ERROR - Scraping URl = http://187.160.245.251:8088/acuerdos/Listasaltillo.jsp?offset=2800
root - ERROR - list index out of range = 
PRIMERO

root - ERROR - time data '12/09*2017' does not match format '%d/%b/%y' = 35899
root - ERROR - fecha = 12/09*2017
root - ERROR - Scraping URl = http://187.160.245.251:8088/acuerdos/Listasaltillo.jsp?offset=2850
root - ERROR - list index out of range = 
PRIMERO

root - ERROR - Scraping URl = http://187.160.245.251:8088/acuerdos/Listasaltillo.jsp?offset=2900
root - ERROR - list index out of range = 
PRIMERO

root - ERROR - Scraping URl = http://187.160.245.251:8088/acuerdos/Listasaltillo.jsp?offset=2950
root - ERROR - list index out of range = 
PRIMERO

root - ERROR - Scraping URl = http://187.160.245.251:8088/acuerdos/Listasaltillo.jsp?offset=3000
root - ERROR - list index out of range = 
PRIMERO

root - ERROR - Scraping URl = http://187.160.245.251:8088/acuerdos/Listasaltillo.jsp?offset=3050
root - ERROR - list index out of range = 
PRIMERO

root - ERROR - Folio has blank fecha = 35349
root - ERROR - fecha = 
root - ERROR - Folio has blank fecha = 35346
root - ERROR - fecha = 
root - ERROR - Scraping URl = http://187.160.245.251:8088/acuerdos/Listasaltillo.jsp?offset=3100
root - ERROR - list index out of range = 
PRIMERO

root - ERROR - Scraping URl = http://187.160.245.251:8088/acuerdos/Listasaltillo.jsp?offset=3150
root - ERROR - list index out of range = 
PRIMERO

root - ERROR - Scraping URl = http://187.160.245.251:8088/acuerdos/Listasaltillo.jsp?offset=3200
root - ERROR - list index out of range = 
PRIMERO

root - ERROR - Scraping URl = http://187.160.245.251:8088/acuerdos/Listasaltillo.jsp?offset=3250
root - ERROR - list index out of range = 
PRIMERO

root - ERROR - Folio has blank fecha = 34867
root - ERROR - fecha = 
root - ERROR - Folio has blank fecha = 34851
root - ERROR - fecha = 
root - ERROR - Scraping URl = http://187.160.245.251:8088/acuerdos/Listasaltillo.jsp?offset=3300
root - ERROR - list index out of range = 
PRIMERO

root - ERROR - Folio has blank fecha = 34697
root - ERROR - fecha = 
root - ERROR - Scraping URl = http://187.160.245.251:8088/acuerdos/Listasaltillo.jsp?offset=3350
root - ERROR - list index out of range = 
PRIMERO

root - ERROR - Scraping URl = http://187.160.245.251:8088/acuerdos/Listasaltillo.jsp?offset=3400
root - ERROR - list index out of range = 
PRIMERO

root - ERROR - Scraping URl = http://187.160.245.251:8088/acuerdos/Listasaltillo.jsp?offset=3450
root - ERROR - list index out of range = 
PRIMERO

root - ERROR - Folio has blank fecha = 34317
root - ERROR - fecha = 
root - ERROR - Scraping URl = http://187.160.245.251:8088/acuerdos/Listasaltillo.jsp?offset=3500
root - ERROR - list index out of range = 
PRIMERO

root - ERROR - Scraping URl = http://187.160.245.251:8088/acuerdos/Listasaltillo.jsp?offset=3550
root - ERROR - list index out of range = 
PRIMERO

root - ERROR - Folio has blank fecha = 34099
root - ERROR - fecha = 
root - ERROR - Scraping URl = http://187.160.245.251:8088/acuerdos/Listasaltillo.jsp?offset=3600
root - ERROR - list index out of range = 
PRIMERO

root - ERROR - Scraping URl = http://187.160.245.251:8088/acuerdos/Listasaltillo.jsp?offset=3650
root - ERROR - list index out of range = 
PRIMERO

root - ERROR - Scraping URl = http://187.160.245.251:8088/acuerdos/Listasaltillo.jsp?offset=3700
root - ERROR - list index out of range = 
PRIMERO

root - ERROR - Scraping URl = http://187.160.245.251:8088/acuerdos/Listasaltillo.jsp?offset=3750
root - ERROR - list index out of range = 
PRIMERO

root - ERROR - Scraping URl = http://187.160.245.251:8088/acuerdos/Listasaltillo.jsp?offset=3800
root - ERROR - list index out of range = 
PRIMERO

root - ERROR - Scraping URl = http://187.160.245.251:8088/acuerdos/Listasaltillo.jsp?offset=3850
root - ERROR - list index out of range = 
PRIMERO

root - ERROR - Scraping URl = http://187.160.245.251:8088/acuerdos/Listasaltillo.jsp?offset=3900
root - ERROR - list index out of range = 
PRIMERO

root - ERROR - Folio has blank fecha = 32696
root - ERROR - fecha = 
root - ERROR - Scraping URl = http://187.160.245.251:8088/acuerdos/Listasaltillo.jsp?offset=3950
root - ERROR - list index out of range = 
PRIMERO

root - ERROR - Folio has blank fecha = 32303
root - ERROR - fecha = 
root - ERROR - Scraping URl = http://187.160.245.251:8088/acuerdos/Listasaltillo.jsp?offset=4000
root - ERROR - list index out of range = 
PRIMERO

root - ERROR - Scraping URl = http://187.160.245.251:8088/acuerdos/Listasaltillo.jsp?offset=4050
root - ERROR - list index out of range = 
PRIMERO

root - ERROR - Folio has blank fecha = 32143
root - ERROR - fecha = 
root - ERROR - Scraping URl = http://187.160.245.251:8088/acuerdos/Listasaltillo.jsp?offset=4100
root - ERROR - list index out of range = 
PRIMERO

root - ERROR - Scraping URl = http://187.160.245.251:8088/acuerdos/Listasaltillo.jsp?offset=4150
root - ERROR - list index out of range = 
PRIMERO

root - ERROR - Scraping URl = http://187.160.245.251:8088/acuerdos/Listasaltillo.jsp?offset=4200
root - ERROR - list index out of range = 
PRIMERO

root - ERROR - Scraping URl = http://187.160.245.251:8088/acuerdos/Listasaltillo.jsp?offset=4250
root - ERROR - list index out of range = 
PRIMERO

root - ERROR - Scraping URl = http://187.160.245.251:8088/acuerdos/Listasaltillo.jsp?offset=4300
root - ERROR - list index out of range = 
PRIMERO

root - ERROR - Folio has blank fecha = 31725
root - ERROR - fecha = 
root - ERROR - Scraping URl = http://187.160.245.251:8088/acuerdos/Listasaltillo.jsp?offset=4350
root - ERROR - list index out of range = 
PRIMERO

root - ERROR - Scraping URl = http://187.160.245.251:8088/acuerdos/Listasaltillo.jsp?offset=4400
root - ERROR - list index out of range = 
PRIMERO

root - ERROR - Scraping URl = http://187.160.245.251:8088/acuerdos/Listasaltillo.jsp?offset=4450
root - ERROR - list index out of range = 
PRIMERO

root - ERROR - Folio has blank fecha = 31425
root - ERROR - fecha = 
root - ERROR - Scraping URl = http://187.160.245.251:8088/acuerdos/Listasaltillo.jsp?offset=4500
root - ERROR - list index out of range = 
PRIMERO

root - ERROR - Scraping URl = http://187.160.245.251:8088/acuerdos/Listasaltillo.jsp?offset=4550
root - ERROR - list index out of range = 
PRIMERO

root - ERROR - Folio has blank fecha = 31137
root - ERROR - fecha = 
root - ERROR - Scraping URl = http://187.160.245.251:8088/acuerdos/Listasaltillo.jsp?offset=4600
root - ERROR - list index out of range = 
PRIMERO

root - ERROR - Scraping URl = http://187.160.245.251:8088/acuerdos/Listasaltillo.jsp?offset=4650
root - ERROR - list index out of range = 
PRIMERO

root - ERROR - Scraping URl = http://187.160.245.251:8088/acuerdos/Listasaltillo.jsp?offset=4700
root - ERROR - list index out of range = 
PRIMERO

root - ERROR - Folio has blank fecha = 30970
root - ERROR - fecha = 
root - ERROR - Scraping URl = http://187.160.245.251:8088/acuerdos/Listasaltillo.jsp?offset=4750
root - ERROR - list index out of range = 
PRIMERO

root - ERROR - Folio has blank fecha = 30678
root - ERROR - fecha = 
root - ERROR - Folio has blank fecha = 30672
root - ERROR - fecha = 
root - ERROR - Scraping URl = http://187.160.245.251:8088/acuerdos/Listasaltillo.jsp?offset=4800
root - ERROR - list index out of range = 
PRIMERO

root - ERROR - time data '10052017' does not match format '%d/%b/%y' = 30612
root - ERROR - fecha = 10052017
root - ERROR - Folio has blank fecha = 30603
root - ERROR - fecha = 
root - ERROR - Scraping URl = http://187.160.245.251:8088/acuerdos/Listasaltillo.jsp?offset=4850
root - ERROR - list index out of range = 
PRIMERO

root - ERROR - Folio has blank fecha = 30537
root - ERROR - fecha = 
root - ERROR - Folio has blank fecha = 30503
root - ERROR - fecha = 
root - ERROR - Scraping URl = http://187.160.245.251:8088/acuerdos/Listasaltillo.jsp?offset=4900
root - ERROR - list index out of range = 
PRIMERO

root - ERROR - Folio has blank fecha = 30439
root - ERROR - fecha = 
root - ERROR - Folio has blank fecha = 30398
root - ERROR - fecha = 
root - ERROR - Scraping URl = http://187.160.245.251:8088/acuerdos/Listasaltillo.jsp?offset=4950
root - ERROR - list index out of range = 
PRIMERO

root - ERROR - Scraping URl = http://187.160.245.251:8088/acuerdos/Listasaltillo.jsp?offset=5000
root - ERROR - list index out of range = 
PRIMERO

root - ERROR - Folio has blank fecha = 30215
root - ERROR - fecha = 
root - ERROR - Folio has blank fecha = 30182
root - ERROR - fecha = 
root - ERROR - Scraping URl = http://187.160.245.251:8088/acuerdos/Listasaltillo.jsp?offset=5050
root - ERROR - list index out of range = 
PRIMERO

root - ERROR - Folio has blank fecha = 30130
root - ERROR - fecha = 
root - ERROR - Scraping URl = http://187.160.245.251:8088/acuerdos/Listasaltillo.jsp?offset=5100
root - ERROR - list index out of range = 
PRIMERO

root - ERROR - Folio has blank fecha = 29977
root - ERROR - fecha = 
root - ERROR - Scraping URl = http://187.160.245.251:8088/acuerdos/Listasaltillo.jsp?offset=5150
root - ERROR - list index out of range = 
PRIMERO

root - ERROR - Folio has blank fecha = 29941
root - ERROR - fecha = 
root - ERROR - Folio has blank fecha = 29929
root - ERROR - fecha = 
root - ERROR - Scraping URl = http://187.160.245.251:8088/acuerdos/Listasaltillo.jsp?offset=5200
root - ERROR - list index out of range = 
PRIMERO

root - ERROR - Folio has blank fecha = 29835
root - ERROR - fecha = 
root - ERROR - Scraping URl = http://187.160.245.251:8088/acuerdos/Listasaltillo.jsp?offset=5250
root - ERROR - list index out of range = 
PRIMERO

root - ERROR - Folio has blank fecha = 29663
root - ERROR - fecha = 
root - ERROR - Folio has blank fecha = 29650
root - ERROR - fecha = 
root - ERROR - Scraping URl = http://187.160.245.251:8088/acuerdos/Listasaltillo.jsp?offset=5300
root - ERROR - list index out of range = 
PRIMERO

root - ERROR - Folio has blank fecha = 29602
root - ERROR - fecha = 
root - ERROR - Scraping URl = http://187.160.245.251:8088/acuerdos/Listasaltillo.jsp?offset=5350
root - ERROR - list index out of range = 
PRIMERO

root - ERROR - Folio has blank fecha = 29496
root - ERROR - fecha = 
root - ERROR - Scraping URl = http://187.160.245.251:8088/acuerdos/Listasaltillo.jsp?offset=5400
root - ERROR - list index out of range = 
PRIMERO

root - ERROR - Folio has blank fecha = 29421
root - ERROR - fecha = 
root - ERROR - Scraping URl = http://187.160.245.251:8088/acuerdos/Listasaltillo.jsp?offset=5450
root - ERROR - list index out of range = 
PRIMERO

root - ERROR - Folio has blank fecha = 29269
root - ERROR - fecha = 
root - ERROR - Scraping URl = http://187.160.245.251:8088/acuerdos/Listasaltillo.jsp?offset=5500
root - ERROR - list index out of range = 
PRIMERO

root - ERROR - Scraping URl = http://187.160.245.251:8088/acuerdos/Listasaltillo.jsp?offset=5550
root - ERROR - list index out of range = 
PRIMERO

root - ERROR - Folio has blank fecha = 29141
root - ERROR - fecha = 
root - ERROR - Folio has blank fecha = 29073
root - ERROR - fecha = 
root - ERROR - Scraping URl = http://187.160.245.251:8088/acuerdos/Listasaltillo.jsp?offset=5600
root - ERROR - list index out of range = 
PRIMERO

root - ERROR - Folio has blank fecha = 29005
root - ERROR - fecha = 
root - ERROR - Scraping URl = http://187.160.245.251:8088/acuerdos/Listasaltillo.jsp?offset=5650
root - ERROR - list index out of range = 
PRIMERO

root - ERROR - Folio has blank fecha = 28902
root - ERROR - fecha = 
root - ERROR - Scraping URl = http://187.160.245.251:8088/acuerdos/Listasaltillo.jsp?offset=5700
root - ERROR - list index out of range = 
PRIMERO

root - ERROR - Scraping URl = http://187.160.245.251:8088/acuerdos/Listasaltillo.jsp?offset=5750
root - ERROR - list index out of range = 
PRIMERO

root - ERROR - Scraping URl = http://187.160.245.251:8088/acuerdos/Listasaltillo.jsp?offset=5800
root - ERROR - list index out of range = 
PRIMERO

root - ERROR - Folio has blank fecha = 28703
root - ERROR - fecha = 
root - ERROR - Scraping URl = http://187.160.245.251:8088/acuerdos/Listasaltillo.jsp?offset=5850
root - ERROR - list index out of range = 
PRIMERO

root - ERROR - Folio has blank fecha = 28558
root - ERROR - fecha = 
root - ERROR - Scraping URl = http://187.160.245.251:8088/acuerdos/Listasaltillo.jsp?offset=5900
root - ERROR - list index out of range = 
PRIMERO

root - ERROR - Folio has blank fecha = 28454
root - ERROR - fecha = 
root - ERROR - Folio has blank fecha = 28453
root - ERROR - fecha = 
root - ERROR - Folio has blank fecha = 28451
root - ERROR - fecha = 
root - ERROR - Folio has blank fecha = 28450
root - ERROR - fecha = 
root - ERROR - Scraping URl = http://187.160.245.251:8088/acuerdos/Listasaltillo.jsp?offset=5950
root - ERROR - list index out of range = 
PRIMERO

root - ERROR - Folio has blank fecha = 28380
root - ERROR - fecha = 
root - ERROR - Scraping URl = http://187.160.245.251:8088/acuerdos/Listasaltillo.jsp?offset=6000
root - ERROR - list index out of range = 
PRIMERO

root - ERROR - Scraping URl = http://187.160.245.251:8088/acuerdos/Listasaltillo.jsp?offset=6050
root - ERROR - list index out of range = 
PRIMERO

root - ERROR - Scraping URl = http://187.160.245.251:8088/acuerdos/Listasaltillo.jsp?offset=6100
root - ERROR - list index out of range = 
PRIMERO

root - ERROR - Scraping URl = http://187.160.245.251:8088/acuerdos/Listasaltillo.jsp?offset=6150
root - ERROR - list index out of range = 
PRIMERO

root - ERROR - Folio has blank fecha = 27807
root - ERROR - fecha = 
root - ERROR - Folio has blank fecha = 27806
root - ERROR - fecha = 
root - ERROR - Folio has blank fecha = 27792
root - ERROR - fecha = 
root - ERROR - Scraping URl = http://187.160.245.251:8088/acuerdos/Listasaltillo.jsp?offset=6200
root - ERROR - list index out of range = 
PRIMERO

root - ERROR - Folio has blank fecha = 27740
root - ERROR - fecha = 
root - ERROR - Scraping URl = http://187.160.245.251:8088/acuerdos/Listasaltillo.jsp?offset=6250
root - ERROR - list index out of range = 
PRIMERO

root - ERROR - time data '07032017' does not match format '%d/%b/%y' = 27622
root - ERROR - fecha = 07032017
root - ERROR - time data '07032017' does not match format '%d/%b/%y' = 27619
root - ERROR - fecha = 07032017
root - ERROR - time data '07032017' does not match format '%d/%b/%y' = 27618
root - ERROR - fecha = 07032017
root - ERROR - time data '07032017' does not match format '%d/%b/%y' = 27617
root - ERROR - fecha = 07032017
root - ERROR - time data '07032017' does not match format '%d/%b/%y' = 27615
root - ERROR - fecha = 07032017
root - ERROR - time data '07032017' does not match format '%d/%b/%y' = 27614
root - ERROR - fecha = 07032017
root - ERROR - time data '07032017' does not match format '%d/%b/%y' = 27613
root - ERROR - fecha = 07032017
root - ERROR - time data '07032017' does not match format '%d/%b/%y' = 27612
root - ERROR - fecha = 07032017
root - ERROR - time data '07032017' does not match format '%d/%b/%y' = 27611
root - ERROR - fecha = 07032017
root - ERROR - Scraping URl = http://187.160.245.251:8088/acuerdos/Listasaltillo.jsp?offset=6300
root - ERROR - list index out of range = 
PRIMERO

root - ERROR - Scraping URl = http://187.160.245.251:8088/acuerdos/Listasaltillo.jsp?offset=6350
root - ERROR - list index out of range = 
PRIMERO

root - ERROR - Folio has blank fecha = 27067
root - ERROR - fecha = 
root - ERROR - Folio has blank fecha = 27062
root - ERROR - fecha = 
root - ERROR - Scraping URl = http://187.160.245.251:8088/acuerdos/Listasaltillo.jsp?offset=6400
root - ERROR - list index out of range = 
PRIMERO

root - ERROR - Scraping URl = http://187.160.245.251:8088/acuerdos/Listasaltillo.jsp?offset=6450
root - ERROR - list index out of range = 
PRIMERO

root - ERROR - Folio has blank fecha = 26884
root - ERROR - fecha = 
root - ERROR - Scraping URl = http://187.160.245.251:8088/acuerdos/Listasaltillo.jsp?offset=6500
root - ERROR - list index out of range = 
PRIMERO

root - ERROR - Folio has blank fecha = 26806
root - ERROR - fecha = 
root - ERROR - Scraping URl = http://187.160.245.251:8088/acuerdos/Listasaltillo.jsp?offset=6550
root - ERROR - list index out of range = 
PRIMERO

root - ERROR - Folio has blank fecha = 26761
root - ERROR - fecha = 
root - ERROR - Folio has blank fecha = 26755
root - ERROR - fecha = 
root - ERROR - Scraping URl = http://187.160.245.251:8088/acuerdos/Listasaltillo.jsp?offset=6600
root - ERROR - list index out of range = 
PRIMERO

root - ERROR - Folio has blank fecha = 26598
root - ERROR - fecha = 
root - ERROR - Scraping URl = http://187.160.245.251:8088/acuerdos/Listasaltillo.jsp?offset=6650
root - ERROR - list index out of range = 
PRIMERO

root - ERROR - Scraping URl = http://187.160.245.251:8088/acuerdos/Listasaltillo.jsp?offset=6700
root - ERROR - list index out of range = 
PRIMERO

root - ERROR - Folio has blank fecha = 22589
root - ERROR - fecha = 
root - ERROR - Scraping URl = http://187.160.245.251:8088/acuerdos/Listasaltillo.jsp?offset=6750
root - ERROR - list index out of range = 
PRIMERO

root - ERROR - Folio has blank fecha = 22443
root - ERROR - fecha = 
root - ERROR - Scraping URl = http://187.160.245.251:8088/acuerdos/Listasaltillo.jsp?offset=6800
root - ERROR - list index out of range = 
PRIMERO

root - ERROR - Folio has blank fecha = 22212
root - ERROR - fecha = 
root - ERROR - Scraping URl = http://187.160.245.251:8088/acuerdos/Listasaltillo.jsp?offset=6850
root - ERROR - list index out of range = 
PRIMERO

root - ERROR - Folio has blank fecha = 22139
root - ERROR - fecha = 
root - ERROR - Scraping URl = http://187.160.245.251:8088/acuerdos/Listasaltillo.jsp?offset=6900
root - ERROR - list index out of range = 
PRIMERO

root - ERROR - Scraping URl = http://187.160.245.251:8088/acuerdos/Listasaltillo.jsp?offset=6950
root - ERROR - list index out of range = 
PRIMERO

root - ERROR - Folio has blank fecha = 21983
root - ERROR - fecha = 
root - ERROR - Scraping URl = http://187.160.245.251:8088/acuerdos/Listasaltillo.jsp?offset=7000
root - ERROR - list index out of range = 
PRIMERO

root - ERROR - Folio has blank fecha = 21954
root - ERROR - fecha = 
root - ERROR - Folio has blank fecha = 21953
root - ERROR - fecha = 
root - ERROR - Scraping URl = http://187.160.245.251:8088/acuerdos/Listasaltillo.jsp?offset=7050
root - ERROR - list index out of range = 
PRIMERO

root - ERROR - Folio has blank fecha = 21854
root - ERROR - fecha = 
root - ERROR - Folio has blank fecha = 21853
root - ERROR - fecha = 
root - ERROR - Folio has blank fecha = 21852
root - ERROR - fecha = 
root - ERROR - Folio has blank fecha = 21812
root - ERROR - fecha = 
root - ERROR - Scraping URl = http://187.160.245.251:8088/acuerdos/Listasaltillo.jsp?offset=7100
root - ERROR - list index out of range = 
PRIMERO

root - ERROR - Folio has blank fecha = 21741
root - ERROR - fecha = 
root - ERROR - Folio has blank fecha = 21716
root - ERROR - fecha = 
root - ERROR - Scraping URl = http://187.160.245.251:8088/acuerdos/Listasaltillo.jsp?offset=7150
root - ERROR - list index out of range = 
PRIMERO

root - ERROR - Folio has blank fecha = 21600
root - ERROR - fecha = 
root - ERROR - Folio has blank fecha = 21593
root - ERROR - fecha = 
root - ERROR - Scraping URl = http://187.160.245.251:8088/acuerdos/Listasaltillo.jsp?offset=7200
root - ERROR - list index out of range = 
PRIMERO

root - ERROR - Scraping URl = http://187.160.245.251:8088/acuerdos/Listasaltillo.jsp?offset=7250
root - ERROR - list index out of range = 
PRIMERO

root - ERROR - Scraping URl = http://187.160.245.251:8088/acuerdos/Listasaltillo.jsp?offset=7300
root - ERROR - list index out of range = 
PRIMERO

root - ERROR - Scraping URl = http://187.160.245.251:8088/acuerdos/Listasaltillo.jsp?offset=7350
root - ERROR - list index out of range = 
PRIMERO

root - ERROR - Scraping URl = http://187.160.245.251:8088/acuerdos/Listasaltillo.jsp?offset=7400
root - ERROR - list index out of range = 
PRIMERO

root - ERROR - Scraping URl = http://187.160.245.251:8088/acuerdos/Listasaltillo.jsp?offset=7450
root - ERROR - list index out of range = 
PRIMERO

root - ERROR - Scraping URl = http://187.160.245.251:8088/acuerdos/Listasaltillo.jsp?offset=7500
root - ERROR - list index out of range = 
PRIMERO

root - ERROR - Folio has blank fecha = 20952
root - ERROR - fecha = 
root - ERROR - Folio has blank fecha = 20951
root - ERROR - fecha = 
root - ERROR - Scraping URl = http://187.160.245.251:8088/acuerdos/Listasaltillo.jsp?offset=7550
root - ERROR - list index out of range = 
PRIMERO

root - ERROR - Folio has blank fecha = 20819
root - ERROR - fecha = 
root - ERROR - Folio has blank fecha = 20817
root - ERROR - fecha = 
root - ERROR - Folio has blank fecha = 20816
root - ERROR - fecha = 
root - ERROR - Folio has blank fecha = 20814
root - ERROR - fecha = 
root - ERROR - Scraping URl = http://187.160.245.251:8088/acuerdos/Listasaltillo.jsp?offset=7600
root - ERROR - list index out of range = 
PRIMERO

root - ERROR - Folio has blank fecha = 20773
root - ERROR - fecha = 
root - ERROR - Folio has blank fecha = 20771
root - ERROR - fecha = 
root - ERROR - Folio has blank fecha = 20766
root - ERROR - fecha = 
root - ERROR - Folio has blank fecha = 20763
root - ERROR - fecha = 
root - ERROR - Scraping URl = http://187.160.245.251:8088/acuerdos/Listasaltillo.jsp?offset=7650
root - ERROR - list index out of range = 
PRIMERO

root - ERROR - Scraping URl = http://187.160.245.251:8088/acuerdos/Listasaltillo.jsp?offset=7700
root - ERROR - list index out of range = 
PRIMERO

root - ERROR - Folio has blank fecha = 20626
root - ERROR - fecha = 
root - ERROR - Folio has blank fecha = 20594
root - ERROR - fecha = 
root - ERROR - Folio has blank fecha = 20575
root - ERROR - fecha = 
root - ERROR - Scraping URl = http://187.160.245.251:8088/acuerdos/Listasaltillo.jsp?offset=7750
root - ERROR - list index out of range = 
PRIMERO

root - ERROR - Scraping URl = http://187.160.245.251:8088/acuerdos/Listasaltillo.jsp?offset=7800
root - ERROR - list index out of range = 
PRIMERO

root - ERROR - Scraping URl = http://187.160.245.251:8088/acuerdos/Listasaltillo.jsp?offset=7850
root - ERROR - list index out of range = 
PRIMERO

root - ERROR - Folio has blank fecha = 20375
root - ERROR - fecha = 
root - ERROR - Scraping URl = http://187.160.245.251:8088/acuerdos/Listasaltillo.jsp?offset=7900
root - ERROR - list index out of range = 
PRIMERO

root - ERROR - Folio has blank fecha = 20342
root - ERROR - fecha = 
root - ERROR - Folio has blank fecha = 20337
root - ERROR - fecha = 
root - ERROR - Folio has blank fecha = 20334
root - ERROR - fecha = 
root - ERROR - Folio has blank fecha = 20332
root - ERROR - fecha = 
root - ERROR - Folio has blank fecha = 20331
root - ERROR - fecha = 
root - ERROR - Folio has blank fecha = 20325
root - ERROR - fecha = 
root - ERROR - Folio has blank fecha = 20323
root - ERROR - fecha = 
root - ERROR - Folio has blank fecha = 20313
root - ERROR - fecha = 
root - ERROR - Folio has blank fecha = 20303
root - ERROR - fecha = 
root - ERROR - Scraping URl = http://187.160.245.251:8088/acuerdos/Listasaltillo.jsp?offset=7950
root - ERROR - list index out of range = 
PRIMERO

root - ERROR - Folio has blank fecha = 20216
root - ERROR - fecha = 
root - ERROR - Folio has blank fecha = 20197
root - ERROR - fecha = 
root - ERROR - Scraping URl = http://187.160.245.251:8088/acuerdos/Listasaltillo.jsp?offset=8000
root - ERROR - list index out of range = 
PRIMERO

root - ERROR - Scraping URl = http://187.160.245.251:8088/acuerdos/Listasaltillo.jsp?offset=8050
root - ERROR - list index out of range = 
PRIMERO

root - ERROR - Folio has blank fecha = 20015
root - ERROR - fecha = 
root - ERROR - Scraping URl = http://187.160.245.251:8088/acuerdos/Listasaltillo.jsp?offset=8100
root - ERROR - list index out of range = 
PRIMERO

root - ERROR - Folio has blank fecha = 19988
root - ERROR - fecha = 
root - ERROR - Folio has blank fecha = 19985
root - ERROR - fecha = 
root - ERROR - Folio has blank fecha = 19971
root - ERROR - fecha = 
root - ERROR - Scraping URl = http://187.160.245.251:8088/acuerdos/Listasaltillo.jsp?offset=8150
root - ERROR - list index out of range = 
PRIMERO

root - ERROR - Scraping URl = http://187.160.245.251:8088/acuerdos/Listasaltillo.jsp?offset=8200
root - ERROR - list index out of range = 
PRIMERO

root - ERROR - Folio has blank fecha = 19872
root - ERROR - fecha = 
root - ERROR - Folio has blank fecha = 19867
root - ERROR - fecha = 
root - ERROR - Scraping URl = http://187.160.245.251:8088/acuerdos/Listasaltillo.jsp?offset=8250
root - ERROR - list index out of range = 
PRIMERO

root - ERROR - Folio has blank fecha = 19719
root - ERROR - fecha = 
root - ERROR - Scraping URl = http://187.160.245.251:8088/acuerdos/Listasaltillo.jsp?offset=8300
root - ERROR - list index out of range = 
PRIMERO

root - ERROR - Folio has blank fecha = 19698
root - ERROR - fecha = 
root - ERROR - Folio has blank fecha = 19687
root - ERROR - fecha = 
root - ERROR - Scraping URl = http://187.160.245.251:8088/acuerdos/Listasaltillo.jsp?offset=8350
root - ERROR - list index out of range = 
PRIMERO

root - ERROR - Scraping URl = http://187.160.245.251:8088/acuerdos/Listasaltillo.jsp?offset=8400
root - ERROR - list index out of range = 
PRIMERO

root - ERROR - Folio has blank fecha = 19566
root - ERROR - fecha = 
root - ERROR - Scraping URl = http://187.160.245.251:8088/acuerdos/Listasaltillo.jsp?offset=8450
root - ERROR - list index out of range = 
PRIMERO

root - ERROR - Scraping URl = http://187.160.245.251:8088/acuerdos/Listasaltillo.jsp?offset=8500
root - ERROR - list index out of range = 
PRIMERO

root - ERROR - Scraping URl = http://187.160.245.251:8088/acuerdos/Listasaltillo.jsp?offset=8550
root - ERROR - list index out of range = 
PRIMERO

root - ERROR - Scraping URl = http://187.160.245.251:8088/acuerdos/Listasaltillo.jsp?offset=8600
root - ERROR - list index out of range = 
PRIMERO

root - ERROR - Folio has blank fecha = 19222
root - ERROR - fecha = 
root - ERROR - Scraping URl = http://187.160.245.251:8088/acuerdos/Listasaltillo.jsp?offset=8650
root - ERROR - list index out of range = 
PRIMERO

root - ERROR - Folio has blank fecha = 19174
root - ERROR - fecha = 
root - ERROR - Folio has blank fecha = 19116
root - ERROR - fecha = 
root - ERROR - Scraping URl = http://187.160.245.251:8088/acuerdos/Listasaltillo.jsp?offset=8700
root - ERROR - list index out of range = 
PRIMERO

root - ERROR - Folio has blank fecha = 19033
root - ERROR - fecha = 
root - ERROR - Scraping URl = http://187.160.245.251:8088/acuerdos/Listasaltillo.jsp?offset=8750
root - ERROR - list index out of range = 
PRIMERO

root - ERROR - Scraping URl = http://187.160.245.251:8088/acuerdos/Listasaltillo.jsp?offset=8800
root - ERROR - list index out of range = 
PRIMERO

root - ERROR - Folio has blank fecha = 18844
root - ERROR - fecha = 
root - ERROR - Scraping URl = http://187.160.245.251:8088/acuerdos/Listasaltillo.jsp?offset=8850
root - ERROR - list index out of range = 
PRIMERO

root - ERROR - Scraping URl = http://187.160.245.251:8088/acuerdos/Listasaltillo.jsp?offset=8900
root - ERROR - list index out of range = 
PRIMERO

root - ERROR - Scraping URl = http://187.160.245.251:8088/acuerdos/Listasaltillo.jsp?offset=8950
root - ERROR - list index out of range = 
PRIMERO

root - ERROR - Folio has blank fecha = 18635
root - ERROR - fecha = 
root - ERROR - Folio has blank fecha = 18567
root - ERROR - fecha = 
root - ERROR - Folio has blank fecha = 18566
root - ERROR - fecha = 
root - ERROR - Folio has blank fecha = 18565
root - ERROR - fecha = 
root - ERROR - Scraping URl = http://187.160.245.251:8088/acuerdos/Listasaltillo.jsp?offset=9000
root - ERROR - list index out of range = 
PRIMERO

root - ERROR - Folio has blank fecha = 18083
root - ERROR - fecha = 
root - ERROR - time data '0510/2016' does not match format '%d/%b/%y' = 17889
root - ERROR - fecha = 0510/2016
root - ERROR - time data '05102016' does not match format '%d/%b/%y' = 17878
root - ERROR - fecha = 05102016
root - ERROR - time data '05102016' does not match format '%d/%b/%y' = 17877
root - ERROR - fecha = 05102016
root - ERROR - time data '05102016' does not match format '%d/%b/%y' = 17875
root - ERROR - fecha = 05102016
root - ERROR - time data '04102016' does not match format '%d/%b/%y' = 17870
root - ERROR - fecha = 04102016
root - ERROR - Scraping URl = http://187.160.245.251:8088/acuerdos/Listasaltillo.jsp?offset=9050
root - ERROR - list index out of range = 
PRIMERO

root - ERROR - Folio has blank fecha = 16888
root - ERROR - fecha = 
root - ERROR - Scraping URl = http://187.160.245.251:8088/acuerdos/Listasaltillo.jsp?offset=9100
root - ERROR - list index out of range = 
PRIMERO

root - ERROR - Scraping URl = http://187.160.245.251:8088/acuerdos/Listasaltillo.jsp?offset=9150
root - ERROR - list index out of range = 
PRIMERO

root - ERROR - Scraping URl = http://187.160.245.251:8088/acuerdos/Listasaltillo.jsp?offset=9200
root - ERROR - list index out of range = 
PRIMERO

root - ERROR - Scraping URl = http://187.160.245.251:8088/acuerdos/Listasaltillo.jsp?offset=9250
root - ERROR - list index out of range = 
PRIMERO

root - ERROR - Scraping URl = http://187.160.245.251:8088/acuerdos/Listasaltillo.jsp?offset=9300
root - ERROR - list index out of range = 
PRIMERO

root - ERROR - Folio has blank fecha = 15414
root - ERROR - fecha = 
root - ERROR - Scraping URl = http://187.160.245.251:8088/acuerdos/Listasaltillo.jsp?offset=9350
root - ERROR - list index out of range = 
PRIMERO

root - ERROR - Scraping URl = http://187.160.245.251:8088/acuerdos/Listasaltillo.jsp?offset=9400
root - ERROR - list index out of range = 
PRIMERO

root - ERROR - Scraping URl = http://187.160.245.251:8088/acuerdos/Listasaltillo.jsp?offset=9450
root - ERROR - list index out of range = 
PRIMERO

root - ERROR - Scraping URl = http://187.160.245.251:8088/acuerdos/Listasaltillo.jsp?offset=9500
root - ERROR - list index out of range = 
PRIMERO

root - ERROR - Scraping URl = http://187.160.245.251:8088/acuerdos/Listasaltillo.jsp?offset=9550
root - ERROR - list index out of range = 
PRIMERO

root - ERROR - Scraping URl = http://187.160.245.251:8088/acuerdos/Listasaltillo.jsp?offset=9600
root - ERROR - list index out of range = 
PRIMERO

root - ERROR - Scraping URl = http://187.160.245.251:8088/acuerdos/Listasaltillo.jsp?offset=9650
root - ERROR - list index out of range = 
PRIMERO

root - ERROR - Scraping URl = http://187.160.245.251:8088/acuerdos/Listasaltillo.jsp?offset=9700
root - ERROR - list index out of range = 
PRIMERO

root - ERROR - Scraping URl = http://187.160.245.251:8088/acuerdos/Listasaltillo.jsp?offset=9750
root - ERROR - list index out of range = 
PRIMERO

root - ERROR - Scraping URl = http://187.160.245.251:8088/acuerdos/Listasaltillo.jsp?offset=9800
root - ERROR - list index out of range = 
PRIMERO

root - ERROR - Scraping URl = http://187.160.245.251:8088/acuerdos/Listasaltillo.jsp?offset=9850
root - ERROR - list index out of range = 
PRIMERO

root - ERROR - Scraping URl = http://187.160.245.251:8088/acuerdos/Listasaltillo.jsp?offset=9900
root - ERROR - list index out of range = 
PRIMERO

root - ERROR - Scraping URl = http://187.160.245.251:8088/acuerdos/Listasaltillo.jsp?offset=9950
root - ERROR - list index out of range = 
PRIMERO

root - ERROR - Scraping URl = http://187.160.245.251:8088/acuerdos/Listasaltillo.jsp?offset=10000
root - ERROR - list index out of range = 
PRIMERO

root - ERROR - Scraping URl = http://187.160.245.251:8088/acuerdos/Listasaltillo.jsp?offset=10050
root - ERROR - list index out of range = 
PRIMERO

root - ERROR - Folio has blank fecha = 14556
root - ERROR - fecha = 
root - ERROR - Scraping URl = http://187.160.245.251:8088/acuerdos/Listasaltillo.jsp?offset=10100
root - ERROR - list index out of range = 
PRIMERO

root - ERROR - Folio has blank fecha = 14490
root - ERROR - fecha = 
root - ERROR - Scraping URl = http://187.160.245.251:8088/acuerdos/Listasaltillo.jsp?offset=10150
root - ERROR - list index out of range = 
PRIMERO

root - ERROR - Scraping URl = http://187.160.245.251:8088/acuerdos/Listasaltillo.jsp?offset=10200
root - ERROR - list index out of range = 
PRIMERO

root - ERROR - Scraping URl = http://187.160.245.251:8088/acuerdos/Listasaltillo.jsp?offset=10250
root - ERROR - list index out of range = 
PRIMERO

root - ERROR - Scraping URl = http://187.160.245.251:8088/acuerdos/Listasaltillo.jsp?offset=10300
root - ERROR - list index out of range = 
PRIMERO

root - ERROR - Scraping URl = http://187.160.245.251:8088/acuerdos/Listasaltillo.jsp?offset=10350
root - ERROR - list index out of range = 
PRIMERO

root - ERROR - Scraping URl = http://187.160.245.251:8088/acuerdos/Listasaltillo.jsp?offset=10400
root - ERROR - list index out of range = 
PRIMERO

root - ERROR - Scraping URl = http://187.160.245.251:8088/acuerdos/Listasaltillo.jsp?offset=10450
root - ERROR - list index out of range = 
PRIMERO

root - ERROR - Scraping URl = http://187.160.245.251:8088/acuerdos/Listasaltillo.jsp?offset=10500
root - ERROR - list index out of range = 
PRIMERO

root - ERROR - Scraping URl = http://187.160.245.251:8088/acuerdos/Listasaltillo.jsp?offset=10550
root - ERROR - list index out of range = 
PRIMERO

root - ERROR - Scraping URl = http://187.160.245.251:8088/acuerdos/Listasaltillo.jsp?offset=10600
root - ERROR - list index out of range = 
PRIMERO

root - ERROR - Scraping URl = http://187.160.245.251:8088/acuerdos/Listasaltillo.jsp?offset=10650
root - ERROR - list index out of range = 
PRIMERO

root - ERROR - Scraping URl = http://187.160.245.251:8088/acuerdos/Listasaltillo.jsp?offset=10700
root - ERROR - list index out of range = 
PRIMERO

root - ERROR - Scraping URl = http://187.160.245.251:8088/acuerdos/Listasaltillo.jsp?offset=10750
root - ERROR - list index out of range = 
PRIMERO

root - ERROR - Scraping URl = http://187.160.245.251:8088/acuerdos/Listasaltillo.jsp?offset=10800
root - ERROR - list index out of range = 
PRIMERO

root - ERROR - Scraping URl = http://187.160.245.251:8088/acuerdos/Listasaltillo.jsp?offset=10850
root - ERROR - list index out of range = 
PRIMERO

root - ERROR - Scraping URl = http://187.160.245.251:8088/acuerdos/Listasaltillo.jsp?offset=10900
root - ERROR - list index out of range = 
PRIMERO

root - ERROR - Scraping URl = http://187.160.245.251:8088/acuerdos/Listasaltillo.jsp?offset=10950
root - ERROR - list index out of range = 
PRIMERO

root - ERROR - Scraping URl = http://187.160.245.251:8088/acuerdos/Listasaltillo.jsp?offset=11000
root - ERROR - list index out of range = 
PRIMERO

root - ERROR - Scraping URl = http://187.160.245.251:8088/acuerdos/Listasaltillo.jsp?offset=11050
root - ERROR - list index out of range = 
PRIMERO

root - ERROR - Scraping URl = http://187.160.245.251:8088/acuerdos/Listasaltillo.jsp?offset=11100
root - ERROR - list index out of range = 
PRIMERO

root - ERROR - Scraping URl = http://187.160.245.251:8088/acuerdos/Listasaltillo.jsp?offset=11150
root - ERROR - list index out of range = 
PRIMERO

root - ERROR - Scraping URl = http://187.160.245.251:8088/acuerdos/Listasaltillo.jsp?offset=11200
root - ERROR - list index out of range = 
PRIMERO

root - ERROR - Scraping URl = http://187.160.245.251:8088/acuerdos/Listasaltillo.jsp?offset=11250
root - ERROR - list index out of range = 
PRIMERO

root - ERROR - Scraping URl = http://187.160.245.251:8088/acuerdos/Listasaltillo.jsp?offset=11300
root - ERROR - list index out of range = 
PRIMERO

root - ERROR - Scraping URl = http://187.160.245.251:8088/acuerdos/Listasaltillo.jsp?offset=11350
root - ERROR - list index out of range = 
PRIMERO

root - ERROR - Scraping URl = http://187.160.245.251:8088/acuerdos/Listasaltillo.jsp?offset=11400
root - ERROR - list index out of range = 
PRIMERO

root - ERROR - Scraping URl = http://187.160.245.251:8088/acuerdos/Listasaltillo.jsp?offset=11450
root - ERROR - list index out of range = 
PRIMERO

root - ERROR - Scraping URl = http://187.160.245.251:8088/acuerdos/Listasaltillo.jsp?offset=11500
root - ERROR - list index out of range = 
PRIMERO

root - ERROR - Scraping URl = http://187.160.245.251:8088/acuerdos/Listasaltillo.jsp?offset=11550
root - ERROR - list index out of range = 
PRIMERO

root - ERROR - Folio has blank fecha = 12761
root - ERROR - fecha = 
root - ERROR - Scraping URl = http://187.160.245.251:8088/acuerdos/Listasaltillo.jsp?offset=11600
root - ERROR - list index out of range = 
PRIMERO

root - ERROR - Scraping URl = http://187.160.245.251:8088/acuerdos/Listasaltillo.jsp?offset=11650
root - ERROR - list index out of range = 
PRIMERO

root - ERROR - Scraping URl = http://187.160.245.251:8088/acuerdos/Listasaltillo.jsp?offset=11700
root - ERROR - list index out of range = 
PRIMERO

root - ERROR - Scraping URl = http://187.160.245.251:8088/acuerdos/Listasaltillo.jsp?offset=11750
root - ERROR - list index out of range = 
PRIMERO

root - ERROR - Scraping URl = http://187.160.245.251:8088/acuerdos/Listasaltillo.jsp?offset=11800
root - ERROR - list index out of range = 
PRIMERO

root - ERROR - Scraping URl = http://187.160.245.251:8088/acuerdos/Listasaltillo.jsp?offset=11850
root - ERROR - list index out of range = 
PRIMERO

root - ERROR - Scraping URl = http://187.160.245.251:8088/acuerdos/Listasaltillo.jsp?offset=11900
root - ERROR - list index out of range = 
PRIMERO

root - ERROR - Scraping URl = http://187.160.245.251:8088/acuerdos/Listasaltillo.jsp?offset=11950
root - ERROR - list index out of range = 
PRIMERO

root - ERROR - Scraping URl = http://187.160.245.251:8088/acuerdos/Listasaltillo.jsp?offset=12000
root - ERROR - list index out of range = 
PRIMERO

root - ERROR - Scraping URl = http://187.160.245.251:8088/acuerdos/Listasaltillo.jsp?offset=12050
root - ERROR - list index out of range = 
PRIMERO

root - ERROR - Scraping URl = http://187.160.245.251:8088/acuerdos/Listasaltillo.jsp?offset=12100
root - ERROR - list index out of range = 
PRIMERO

root - ERROR - Scraping URl = http://187.160.245.251:8088/acuerdos/Listasaltillo.jsp?offset=12150
root - ERROR - list index out of range = 
PRIMERO

root - ERROR - Scraping URl = http://187.160.245.251:8088/acuerdos/Listasaltillo.jsp?offset=12200
root - ERROR - list index out of range = 
PRIMERO

root - ERROR - Scraping URl = http://187.160.245.251:8088/acuerdos/Listasaltillo.jsp?offset=12250
root - ERROR - list index out of range = 
PRIMERO

root - ERROR - Scraping URl = http://187.160.245.251:8088/acuerdos/Listasaltillo.jsp?offset=12300
root - ERROR - list index out of range = 
PRIMERO

root - ERROR - Folio has blank fecha = 11873
root - ERROR - fecha = 
root - ERROR - Scraping URl = http://187.160.245.251:8088/acuerdos/Listasaltillo.jsp?offset=12350
root - ERROR - list index out of range = 
PRIMERO

root - ERROR - Scraping URl = http://187.160.245.251:8088/acuerdos/Listasaltillo.jsp?offset=12400
root - ERROR - list index out of range = 
PRIMERO

root - ERROR - Scraping URl = http://187.160.245.251:8088/acuerdos/Listasaltillo.jsp?offset=12450
root - ERROR - list index out of range = 
PRIMERO

root - ERROR - Scraping URl = http://187.160.245.251:8088/acuerdos/Listasaltillo.jsp?offset=12500
root - ERROR - list index out of range = 
PRIMERO

root - ERROR - Scraping URl = http://187.160.245.251:8088/acuerdos/Listasaltillo.jsp?offset=12550
root - ERROR - list index out of range = 
PRIMERO

root - ERROR - Folio has blank fecha = 11553
root - ERROR - fecha = 
root - ERROR - Scraping URl = http://187.160.245.251:8088/acuerdos/Listasaltillo.jsp?offset=12600
root - ERROR - list index out of range = 
PRIMERO

root - ERROR - Folio has blank fecha = 11476
root - ERROR - fecha = 
root - ERROR - Scraping URl = http://187.160.245.251:8088/acuerdos/Listasaltillo.jsp?offset=12650
root - ERROR - list index out of range = 
PRIMERO

root - ERROR - Scraping URl = http://187.160.245.251:8088/acuerdos/Listasaltillo.jsp?offset=12700
root - ERROR - list index out of range = 
PRIMERO

root - ERROR - Folio has blank fecha = 11379
root - ERROR - fecha = 
root - ERROR - Scraping URl = http://187.160.245.251:8088/acuerdos/Listasaltillo.jsp?offset=12750
root - ERROR - list index out of range = 
PRIMERO

root - ERROR - Scraping URl = http://187.160.245.251:8088/acuerdos/Listasaltillo.jsp?offset=12800
root - ERROR - list index out of range = 
PRIMERO

root - ERROR - Folio has blank fecha = 11264
root - ERROR - fecha = 
root - ERROR - Scraping URl = http://187.160.245.251:8088/acuerdos/Listasaltillo.jsp?offset=12850
root - ERROR - list index out of range = 
PRIMERO

root - ERROR - Scraping URl = http://187.160.245.251:8088/acuerdos/Listasaltillo.jsp?offset=12900
root - ERROR - list index out of range = 
PRIMERO

root - ERROR - Scraping URl = http://187.160.245.251:8088/acuerdos/Listasaltillo.jsp?offset=12950
root - ERROR - list index out of range = 
PRIMERO

root - ERROR - Scraping URl = http://187.160.245.251:8088/acuerdos/Listasaltillo.jsp?offset=13000
root - ERROR - list index out of range = 
PRIMERO

root - ERROR - Folio has blank fecha = 11051
root - ERROR - fecha = 
root - ERROR - Scraping URl = http://187.160.245.251:8088/acuerdos/Listasaltillo.jsp?offset=13050
root - ERROR - list index out of range = 
PRIMERO

root - ERROR - Scraping URl = http://187.160.245.251:8088/acuerdos/Listasaltillo.jsp?offset=13100
root - ERROR - list index out of range = 
PRIMERO

root - ERROR - Scraping URl = http://187.160.245.251:8088/acuerdos/Listasaltillo.jsp?offset=13150
root - ERROR - list index out of range = 
PRIMERO

root - ERROR - Scraping URl = http://187.160.245.251:8088/acuerdos/Listasaltillo.jsp?offset=13200
root - ERROR - list index out of range = 
PRIMERO

root - ERROR - Scraping URl = http://187.160.245.251:8088/acuerdos/Listasaltillo.jsp?offset=13250
root - ERROR - list index out of range = 
PRIMERO

root - ERROR - Scraping URl = http://187.160.245.251:8088/acuerdos/Listasaltillo.jsp?offset=13300
root - ERROR - list index out of range = 
PRIMERO

root - ERROR - Folio has blank fecha = 10728
root - ERROR - fecha = 
root - ERROR - Scraping URl = http://187.160.245.251:8088/acuerdos/Listasaltillo.jsp?offset=13350
root - ERROR - list index out of range = 
PRIMERO

root - ERROR - Folio has blank fecha = 10691
root - ERROR - fecha = 
root - ERROR - Scraping URl = http://187.160.245.251:8088/acuerdos/Listasaltillo.jsp?offset=13400
root - ERROR - list index out of range = 
PRIMERO

root - ERROR - Scraping URl = http://187.160.245.251:8088/acuerdos/Listasaltillo.jsp?offset=13450
root - ERROR - list index out of range = 
PRIMERO

root - ERROR - Folio has blank fecha = 10609
root - ERROR - fecha = 
root - ERROR - Scraping URl = http://187.160.245.251:8088/acuerdos/Listasaltillo.jsp?offset=13500
root - ERROR - list index out of range = 
PRIMERO

root - ERROR - Scraping URl = http://187.160.245.251:8088/acuerdos/Listasaltillo.jsp?offset=13550
root - ERROR - list index out of range = 
PRIMERO

root - ERROR - Scraping URl = http://187.160.245.251:8088/acuerdos/Listasaltillo.jsp?offset=13600
root - ERROR - list index out of range = 
PRIMERO

root - ERROR - Folio has blank fecha = 10443
root - ERROR - fecha = 
root - ERROR - Scraping URl = http://187.160.245.251:8088/acuerdos/Listasaltillo.jsp?offset=13650
root - ERROR - list index out of range = 
PRIMERO

root - ERROR - Scraping URl = http://187.160.245.251:8088/acuerdos/Listasaltillo.jsp?offset=13700
root - ERROR - list index out of range = 
PRIMERO

root - ERROR - Scraping URl = http://187.160.245.251:8088/acuerdos/Listasaltillo.jsp?offset=13750
root - ERROR - list index out of range = 
PRIMERO

root - ERROR - Scraping URl = http://187.160.245.251:8088/acuerdos/Listasaltillo.jsp?offset=13800
root - ERROR - list index out of range = 
PRIMERO

root - ERROR - Scraping URl = http://187.160.245.251:8088/acuerdos/Listasaltillo.jsp?offset=13850
root - ERROR - list index out of range = 
PRIMERO

root - ERROR - Scraping URl = http://187.160.245.251:8088/acuerdos/Listasaltillo.jsp?offset=13900
root - ERROR - list index out of range = 
PRIMERO

root - ERROR - Folio has blank fecha = 10129
root - ERROR - fecha = 
root - ERROR - Folio has blank fecha = 10107
root - ERROR - fecha = 
root - ERROR - Scraping URl = http://187.160.245.251:8088/acuerdos/Listasaltillo.jsp?offset=13950
root - ERROR - list index out of range = 
PRIMERO

root - ERROR - Scraping URl = http://187.160.245.251:8088/acuerdos/Listasaltillo.jsp?offset=14000
root - ERROR - list index out of range = 
PRIMERO

root - ERROR - Scraping URl = http://187.160.245.251:8088/acuerdos/Listasaltillo.jsp?offset=14050
root - ERROR - list index out of range = 
PRIMERO

root - ERROR - Scraping URl = http://187.160.245.251:8088/acuerdos/Listasaltillo.jsp?offset=14100
root - ERROR - list index out of range = 
PRIMERO

root - ERROR - Scraping URl = http://187.160.245.251:8088/acuerdos/Listasaltillo.jsp?offset=14150
root - ERROR - list index out of range = 
PRIMERO

root - ERROR - Scraping URl = http://187.160.245.251:8088/acuerdos/Listasaltillo.jsp?offset=14200
root - ERROR - list index out of range = 
PRIMERO

root - ERROR - Scraping URl = http://187.160.245.251:8088/acuerdos/Listasaltillo.jsp?offset=14250
root - ERROR - list index out of range = 
PRIMERO

root - ERROR - Scraping URl = http://187.160.245.251:8088/acuerdos/Listasaltillo.jsp?offset=14300
root - ERROR - list index out of range = 
PRIMERO

root - ERROR - Scraping URl = http://187.160.245.251:8088/acuerdos/Listasaltillo.jsp?offset=14350
root - ERROR - list index out of range = 
PRIMERO

root - ERROR - Scraping URl = http://187.160.245.251:8088/acuerdos/Listasaltillo.jsp?offset=14400
root - ERROR - list index out of range = 
PRIMERO

root - ERROR - Scraping URl = http://187.160.245.251:8088/acuerdos/Listasaltillo.jsp?offset=14450
root - ERROR - list index out of range = 
PRIMERO

root - ERROR - Scraping URl = http://187.160.245.251:8088/acuerdos/Listasaltillo.jsp?offset=14500
root - ERROR - list index out of range = 
PRIMERO

root - ERROR - Scraping URl = http://187.160.245.251:8088/acuerdos/Listasaltillo.jsp?offset=14550
root - ERROR - list index out of range = 
PRIMERO

root - ERROR - Scraping URl = http://187.160.245.251:8088/acuerdos/Listasaltillo.jsp?offset=14600
root - ERROR - list index out of range = 
PRIMERO

root - ERROR - Scraping URl = http://187.160.245.251:8088/acuerdos/Listasaltillo.jsp?offset=14650
root - ERROR - list index out of range = 
PRIMERO

root - ERROR - Scraping URl = http://187.160.245.251:8088/acuerdos/Listasaltillo.jsp?offset=14700
root - ERROR - list index out of range = 
PRIMERO

root - ERROR - Scraping URl = http://187.160.245.251:8088/acuerdos/Listasaltillo.jsp?offset=14750
root - ERROR - list index out of range = 
PRIMERO

root - ERROR - Scraping URl = http://187.160.245.251:8088/acuerdos/Listasaltillo.jsp?offset=14800
root - ERROR - list index out of range = 
PRIMERO

root - ERROR - Scraping URl = http://187.160.245.251:8088/acuerdos/Listasaltillo.jsp?offset=14850
root - ERROR - list index out of range = 
PRIMERO

root - ERROR - Scraping URl = http://187.160.245.251:8088/acuerdos/Listasaltillo.jsp?offset=14900
root - ERROR - list index out of range = 
PRIMERO

root - ERROR - Scraping URl = http://187.160.245.251:8088/acuerdos/Listasaltillo.jsp?offset=14950
root - ERROR - list index out of range = 
PRIMERO

root - ERROR - Scraping URl = http://187.160.245.251:8088/acuerdos/Listasaltillo.jsp?offset=15000
root - ERROR - list index out of range = 
PRIMERO

root - ERROR - Scraping URl = http://187.160.245.251:8088/acuerdos/Listasaltillo.jsp?offset=15050
root - ERROR - list index out of range = 
PRIMERO

root - ERROR - Scraping URl = http://187.160.245.251:8088/acuerdos/Listasaltillo.jsp?offset=15100
root - ERROR - list index out of range = 
PRIMERO

root - ERROR - Scraping URl = http://187.160.245.251:8088/acuerdos/Listasaltillo.jsp?offset=15150
root - ERROR - list index out of range = 
PRIMERO

root - ERROR - Scraping URl = http://187.160.245.251:8088/acuerdos/Listasaltillo.jsp?offset=15200
root - ERROR - list index out of range = 
PRIMERO

root - ERROR - Scraping URl = http://187.160.245.251:8088/acuerdos/Listasaltillo.jsp?offset=15250
root - ERROR - list index out of range = 
PRIMERO

root - ERROR - Scraping URl = http://187.160.245.251:8088/acuerdos/Listasaltillo.jsp?offset=15300
root - ERROR - list index out of range = 
PRIMERO

root - ERROR - Scraping URl = http://187.160.245.251:8088/acuerdos/Listasaltillo.jsp?offset=15350
root - ERROR - list index out of range = 
PRIMERO

root - ERROR - Scraping URl = http://187.160.245.251:8088/acuerdos/Listasaltillo.jsp?offset=15400
root - ERROR - list index out of range = 
PRIMERO

root - ERROR - Scraping URl = http://187.160.245.251:8088/acuerdos/Listasaltillo.jsp?offset=15450
root - ERROR - list index out of range = 
PRIMERO

root - ERROR - Folio has blank fecha = 8480
root - ERROR - fecha = 
root - ERROR - Folio has blank fecha = 8479
root - ERROR - fecha = 
root - ERROR - Scraping URl = http://187.160.245.251:8088/acuerdos/Listasaltillo.jsp?offset=15500
root - ERROR - list index out of range = 
PRIMERO

root - ERROR - Scraping URl = http://187.160.245.251:8088/acuerdos/Listasaltillo.jsp?offset=15550
root - ERROR - list index out of range = 
PRIMERO

root - ERROR - Scraping URl = http://187.160.245.251:8088/acuerdos/Listasaltillo.jsp?offset=15600
root - ERROR - list index out of range = 
PRIMERO

root - ERROR - Scraping URl = http://187.160.245.251:8088/acuerdos/Listasaltillo.jsp?offset=15650
root - ERROR - list index out of range = 
PRIMERO

root - ERROR - Scraping URl = http://187.160.245.251:8088/acuerdos/Listasaltillo.jsp?offset=15700
root - ERROR - list index out of range = 
PRIMERO

root - ERROR - Folio has blank fecha = 8183
root - ERROR - fecha = 
root - ERROR - Scraping URl = http://187.160.245.251:8088/acuerdos/Listasaltillo.jsp?offset=15750
root - ERROR - list index out of range = 
PRIMERO

root - ERROR - Scraping URl = http://187.160.245.251:8088/acuerdos/Listasaltillo.jsp?offset=15800
root - ERROR - list index out of range = 
PRIMERO

root - ERROR - Scraping URl = http://187.160.245.251:8088/acuerdos/Listasaltillo.jsp?offset=15850
root - ERROR - list index out of range = 
PRIMERO

root - ERROR - Scraping URl = http://187.160.245.251:8088/acuerdos/Listasaltillo.jsp?offset=15900
root - ERROR - list index out of range = 
PRIMERO

root - ERROR - Scraping URl = http://187.160.245.251:8088/acuerdos/Listasaltillo.jsp?offset=15950
root - ERROR - list index out of range = 
PRIMERO

root - ERROR - Scraping URl = http://187.160.245.251:8088/acuerdos/Listasaltillo.jsp?offset=16000
root - ERROR - list index out of range = 
PRIMERO

root - ERROR - Folio has blank fecha = 7866
root - ERROR - fecha = 
root - ERROR - Scraping URl = http://187.160.245.251:8088/acuerdos/Listasaltillo.jsp?offset=16050
root - ERROR - list index out of range = 
PRIMERO

root - ERROR - Scraping URl = http://187.160.245.251:8088/acuerdos/Listasaltillo.jsp?offset=16100
root - ERROR - list index out of range = 
PRIMERO

root - ERROR - Scraping URl = http://187.160.245.251:8088/acuerdos/Listasaltillo.jsp?offset=16150
root - ERROR - list index out of range = 
PRIMERO

root - ERROR - Scraping URl = http://187.160.245.251:8088/acuerdos/Listasaltillo.jsp?offset=16200
root - ERROR - list index out of range = 
PRIMERO

root - ERROR - Folio has blank fecha = 7634
root - ERROR - fecha = 
root - ERROR - Scraping URl = http://187.160.245.251:8088/acuerdos/Listasaltillo.jsp?offset=16250
root - ERROR - list index out of range = 
PRIMERO

root - ERROR - Scraping URl = http://187.160.245.251:8088/acuerdos/Listasaltillo.jsp?offset=16300
root - ERROR - list index out of range = 
PRIMERO

root - ERROR - Scraping URl = http://187.160.245.251:8088/acuerdos/Listasaltillo.jsp?offset=16350
root - ERROR - list index out of range = 
PRIMERO

root - ERROR - Scraping URl = http://187.160.245.251:8088/acuerdos/Listasaltillo.jsp?offset=16400
root - ERROR - list index out of range = 
PRIMERO

root - ERROR - Scraping URl = http://187.160.245.251:8088/acuerdos/Listasaltillo.jsp?offset=16450
root - ERROR - list index out of range = 
PRIMERO

root - ERROR - Scraping URl = http://187.160.245.251:8088/acuerdos/Listasaltillo.jsp?offset=16500
root - ERROR - list index out of range = 
PRIMERO

root - ERROR - Scraping URl = http://187.160.245.251:8088/acuerdos/Listasaltillo.jsp?offset=16550
root - ERROR - list index out of range = 
PRIMERO

root - ERROR - Folio has blank fecha = 7198
root - ERROR - fecha = 
root - ERROR - Scraping URl = http://187.160.245.251:8088/acuerdos/Listasaltillo.jsp?offset=16600
root - ERROR - list index out of range = 
PRIMERO

root - ERROR - Scraping URl = http://187.160.245.251:8088/acuerdos/Listasaltillo.jsp?offset=16650
root - ERROR - list index out of range = 
PRIMERO

root - ERROR - Scraping URl = http://187.160.245.251:8088/acuerdos/Listasaltillo.jsp?offset=16700
root - ERROR - list index out of range = 
PRIMERO

root - ERROR - Scraping URl = http://187.160.245.251:8088/acuerdos/Listasaltillo.jsp?offset=16750
root - ERROR - list index out of range = 
PRIMERO

root - ERROR - Scraping URl = http://187.160.245.251:8088/acuerdos/Listasaltillo.jsp?offset=16800
root - ERROR - list index out of range = 
PRIMERO

root - ERROR - Scraping URl = http://187.160.245.251:8088/acuerdos/Listasaltillo.jsp?offset=16850
root - ERROR - list index out of range = 
PRIMERO

root - ERROR - Scraping URl = http://187.160.245.251:8088/acuerdos/Listasaltillo.jsp?offset=16900
root - ERROR - list index out of range = 
PRIMERO

root - ERROR - Scraping URl = http://187.160.245.251:8088/acuerdos/Listasaltillo.jsp?offset=16950
root - ERROR - list index out of range = 
PRIMERO

root - ERROR - Folio has blank fecha = 6687
root - ERROR - fecha = 
root - ERROR - Scraping URl = http://187.160.245.251:8088/acuerdos/Listasaltillo.jsp?offset=17000
root - ERROR - list index out of range = 
PRIMERO

root - ERROR - Scraping URl = http://187.160.245.251:8088/acuerdos/Listasaltillo.jsp?offset=17050
root - ERROR - list index out of range = 
PRIMERO

root - ERROR - Scraping URl = http://187.160.245.251:8088/acuerdos/Listasaltillo.jsp?offset=17100
root - ERROR - list index out of range = 
PRIMERO

root - ERROR - Scraping URl = http://187.160.245.251:8088/acuerdos/Listasaltillo.jsp?offset=17150
root - ERROR - list index out of range = 
PRIMERO

root - ERROR - Scraping URl = http://187.160.245.251:8088/acuerdos/Listasaltillo.jsp?offset=17200
root - ERROR - list index out of range = 
PRIMERO

root - ERROR - Folio has blank fecha = 6309
root - ERROR - fecha = 
root - ERROR - Scraping URl = http://187.160.245.251:8088/acuerdos/Listasaltillo.jsp?offset=17250
root - ERROR - list index out of range = 
PRIMERO

root - ERROR - Scraping URl = http://187.160.245.251:8088/acuerdos/Listasaltillo.jsp?offset=17300
root - ERROR - list index out of range = 
PRIMERO

root - ERROR - Scraping URl = http://187.160.245.251:8088/acuerdos/Listasaltillo.jsp?offset=17350
root - ERROR - list index out of range = 
PRIMERO

root - ERROR - Scraping URl = http://187.160.245.251:8088/acuerdos/Listasaltillo.jsp?offset=17400
root - ERROR - list index out of range = 
PRIMERO

root - ERROR - Scraping URl = http://187.160.245.251:8088/acuerdos/Listasaltillo.jsp?offset=17450
root - ERROR - list index out of range = 
PRIMERO

root - ERROR - Folio has blank fecha = 6000
root - ERROR - fecha = 
root - ERROR - Scraping URl = http://187.160.245.251:8088/acuerdos/Listasaltillo.jsp?offset=17500
root - ERROR - list index out of range = 
PRIMERO

root - ERROR - Scraping URl = http://187.160.245.251:8088/acuerdos/Listasaltillo.jsp?offset=17550
root - ERROR - list index out of range = 
PRIMERO

root - ERROR - Scraping URl = http://187.160.245.251:8088/acuerdos/Listasaltillo.jsp?offset=17600
root - ERROR - list index out of range = 
PRIMERO

root - ERROR - Scraping URl = http://187.160.245.251:8088/acuerdos/Listasaltillo.jsp?offset=17650
root - ERROR - list index out of range = 
PRIMERO

root - ERROR - Scraping URl = http://187.160.245.251:8088/acuerdos/Listasaltillo.jsp?offset=17700
root - ERROR - list index out of range = 
PRIMERO

root - ERROR - Folio has blank fecha = 5709
root - ERROR - fecha = 
root - ERROR - Scraping URl = http://187.160.245.251:8088/acuerdos/Listasaltillo.jsp?offset=17750
root - ERROR - list index out of range = 
PRIMERO

root - ERROR - Scraping URl = http://187.160.245.251:8088/acuerdos/Listasaltillo.jsp?offset=17800
root - ERROR - list index out of range = 
PRIMERO

root - ERROR - Scraping URl = http://187.160.245.251:8088/acuerdos/Listasaltillo.jsp?offset=17850
root - ERROR - list index out of range = 
PRIMERO

root - ERROR - Scraping URl = http://187.160.245.251:8088/acuerdos/Listasaltillo.jsp?offset=17900
root - ERROR - list index out of range = 
PRIMERO

root - ERROR - Scraping URl = http://187.160.245.251:8088/acuerdos/Listasaltillo.jsp?offset=17950
root - ERROR - list index out of range = 
PRIMERO

root - ERROR - Scraping URl = http://187.160.245.251:8088/acuerdos/Listasaltillo.jsp?offset=18000
root - ERROR - list index out of range = 
PRIMERO

root - ERROR - Scraping URl = http://187.160.245.251:8088/acuerdos/Listasaltillo.jsp?offset=18050
root - ERROR - list index out of range = 
PRIMERO

root - ERROR - Scraping URl = http://187.160.245.251:8088/acuerdos/Listasaltillo.jsp?offset=18100
root - ERROR - list index out of range = 
PRIMERO

root - ERROR - Scraping URl = http://187.160.245.251:8088/acuerdos/Listasaltillo.jsp?offset=18150
root - ERROR - list index out of range = 
PRIMERO

root - ERROR - Scraping URl = http://187.160.245.251:8088/acuerdos/Listasaltillo.jsp?offset=18200
root - ERROR - list index out of range = 
PRIMERO

root - ERROR - Scraping URl = http://187.160.245.251:8088/acuerdos/Listasaltillo.jsp?offset=18250
root - ERROR - list index out of range = 
PRIMERO

root - ERROR - Scraping URl = http://187.160.245.251:8088/acuerdos/Listasaltillo.jsp?offset=18300
root - ERROR - list index out of range = 
PRIMERO

root - ERROR - Scraping URl = http://187.160.245.251:8088/acuerdos/Listasaltillo.jsp?offset=18350
root - ERROR - list index out of range = 
PRIMERO

root - ERROR - Scraping URl = http://187.160.245.251:8088/acuerdos/Listasaltillo.jsp?offset=18400
root - ERROR - list index out of range = 
PRIMERO

root - ERROR - Folio has blank fecha = 4785
root - ERROR - fecha = 
root - ERROR - Scraping URl = http://187.160.245.251:8088/acuerdos/Listasaltillo.jsp?offset=18450
root - ERROR - list index out of range = 
PRIMERO

root - ERROR - Scraping URl = http://187.160.245.251:8088/acuerdos/Listasaltillo.jsp?offset=18500
root - ERROR - list index out of range = 
PRIMERO

root - ERROR - Scraping URl = http://187.160.245.251:8088/acuerdos/Listasaltillo.jsp?offset=18550
root - ERROR - list index out of range = 
PRIMERO

root - ERROR - Scraping URl = http://187.160.245.251:8088/acuerdos/Listasaltillo.jsp?offset=18600
root - ERROR - list index out of range = 
PRIMERO

root - ERROR - Scraping URl = http://187.160.245.251:8088/acuerdos/Listasaltillo.jsp?offset=18650
root - ERROR - list index out of range = 
PRIMERO

root - ERROR - Scraping URl = http://187.160.245.251:8088/acuerdos/Listasaltillo.jsp?offset=18700
root - ERROR - list index out of range = 
PRIMERO

root - ERROR - Scraping URl = http://187.160.245.251:8088/acuerdos/Listasaltillo.jsp?offset=18750
root - ERROR - list index out of range = 
PRIMERO

root - ERROR - Folio has blank fecha = 4389
root - ERROR - fecha = 
root - ERROR - Scraping URl = http://187.160.245.251:8088/acuerdos/Listasaltillo.jsp?offset=18800
root - ERROR - list index out of range = 
PRIMERO

root - ERROR - Scraping URl = http://187.160.245.251:8088/acuerdos/Listasaltillo.jsp?offset=18850
root - ERROR - list index out of range = 
PRIMERO

root - ERROR - Scraping URl = http://187.160.245.251:8088/acuerdos/Listasaltillo.jsp?offset=18900
root - ERROR - list index out of range = 
PRIMERO

root - ERROR - Scraping URl = http://187.160.245.251:8088/acuerdos/Listasaltillo.jsp?offset=18950
root - ERROR - list index out of range = 
PRIMERO

root - ERROR - Scraping URl = http://187.160.245.251:8088/acuerdos/Listasaltillo.jsp?offset=19000
root - ERROR - list index out of range = 
PRIMERO

root - ERROR - Scraping URl = http://187.160.245.251:8088/acuerdos/Listasaltillo.jsp?offset=19050
root - ERROR - list index out of range = 
PRIMERO

root - ERROR - Scraping URl = http://187.160.245.251:8088/acuerdos/Listasaltillo.jsp?offset=19100
root - ERROR - list index out of range = 
PRIMERO

root - ERROR - Scraping URl = http://187.160.245.251:8088/acuerdos/Listasaltillo.jsp?offset=19150
root - ERROR - list index out of range = 
PRIMERO

root - ERROR - Folio has blank fecha = 3830
root - ERROR - fecha = 
root - ERROR - Folio has blank fecha = 3827
root - ERROR - fecha = 
root - ERROR - Scraping URl = http://187.160.245.251:8088/acuerdos/Listasaltillo.jsp?offset=19200
root - ERROR - list index out of range = 
PRIMERO

root - ERROR - Scraping URl = http://187.160.245.251:8088/acuerdos/Listasaltillo.jsp?offset=19250
root - ERROR - list index out of range = 
PRIMERO

root - ERROR - Scraping URl = http://187.160.245.251:8088/acuerdos/Listasaltillo.jsp?offset=19300
root - ERROR - list index out of range = 
PRIMERO

root - ERROR - Scraping URl = http://187.160.245.251:8088/acuerdos/Listasaltillo.jsp?offset=19350
root - ERROR - list index out of range = 
PRIMERO

root - ERROR - Scraping URl = http://187.160.245.251:8088/acuerdos/Listasaltillo.jsp?offset=19400
root - ERROR - list index out of range = 
PRIMERO

root - ERROR - Scraping URl = http://187.160.245.251:8088/acuerdos/Listasaltillo.jsp?offset=19450
root - ERROR - list index out of range = 
PRIMERO

root - ERROR - Scraping URl = http://187.160.245.251:8088/acuerdos/Listasaltillo.jsp?offset=19500
root - ERROR - list index out of range = 
PRIMERO

root - ERROR - Scraping URl = http://187.160.245.251:8088/acuerdos/Listasaltillo.jsp?offset=19550
root - ERROR - list index out of range = 
PRIMERO

root - ERROR - Scraping URl = http://187.160.245.251:8088/acuerdos/Listasaltillo.jsp?offset=19600
root - ERROR - list index out of range = 
PRIMERO

root - ERROR - Scraping URl = http://187.160.245.251:8088/acuerdos/Listasaltillo.jsp?offset=19650
root - ERROR - list index out of range = 
PRIMERO

root - ERROR - Scraping URl = http://187.160.245.251:8088/acuerdos/Listasaltillo.jsp?offset=19700
root - ERROR - list index out of range = 
PRIMERO

root - ERROR - Scraping URl = http://187.160.245.251:8088/acuerdos/Listasaltillo.jsp?offset=19750
root - ERROR - list index out of range = 
PRIMERO

root - ERROR - Scraping URl = http://187.160.245.251:8088/acuerdos/Listasaltillo.jsp?offset=19800
root - ERROR - list index out of range = 
PRIMERO

root - ERROR - Scraping URl = http://187.160.245.251:8088/acuerdos/Listasaltillo.jsp?offset=19850
root - ERROR - list index out of range = 
PRIMERO

root - ERROR - Scraping URl = http://187.160.245.251:8088/acuerdos/Listasaltillo.jsp?offset=19900
root - ERROR - list index out of range = 
PRIMERO

root - ERROR - Folio has blank fecha = 2855
root - ERROR - fecha = 
root - ERROR - Scraping URl = http://187.160.245.251:8088/acuerdos/Listasaltillo.jsp?offset=19950
root - ERROR - list index out of range = 
PRIMERO

root - ERROR - Scraping URl = http://187.160.245.251:8088/acuerdos/Listasaltillo.jsp?offset=20000
root - ERROR - list index out of range = 
PRIMERO

root - ERROR - Scraping URl = http://187.160.245.251:8088/acuerdos/Listasaltillo.jsp?offset=20050
root - ERROR - list index out of range = 
PRIMERO

root - ERROR - Folio has blank fecha = 2631
root - ERROR - fecha = 
root - ERROR - Scraping URl = http://187.160.245.251:8088/acuerdos/Listasaltillo.jsp?offset=20100
root - ERROR - list index out of range = 
PRIMERO

root - ERROR - Scraping URl = http://187.160.245.251:8088/acuerdos/Listasaltillo.jsp?offset=20150
root - ERROR - list index out of range = 
PRIMERO

root - ERROR - Scraping URl = http://187.160.245.251:8088/acuerdos/Listasaltillo.jsp?offset=20200
root - ERROR - list index out of range = 
PRIMERO

root - ERROR - Scraping URl = http://187.160.245.251:8088/acuerdos/Listasaltillo.jsp?offset=20250
root - ERROR - list index out of range = 
PRIMERO

root - ERROR - Scraping URl = http://187.160.245.251:8088/acuerdos/Listasaltillo.jsp?offset=20300
root - ERROR - list index out of range = 
PRIMERO

root - ERROR - Scraping URl = http://187.160.245.251:8088/acuerdos/Listasaltillo.jsp?offset=20350
root - ERROR - list index out of range = 
PRIMERO

root - ERROR - Scraping URl = http://187.160.245.251:8088/acuerdos/Listasaltillo.jsp?offset=20400
root - ERROR - list index out of range = 
PRIMERO

root - ERROR - Scraping URl = http://187.160.245.251:8088/acuerdos/Listasaltillo.jsp?offset=20450
root - ERROR - list index out of range = 
PRIMERO

root - ERROR - Scraping URl = http://187.160.245.251:8088/acuerdos/Listasaltillo.jsp?offset=20500
root - ERROR - list index out of range = 
PRIMERO

root - ERROR - Scraping URl = http://187.160.245.251:8088/acuerdos/Listasaltillo.jsp?offset=20550
root - ERROR - list index out of range = 
PRIMERO

root - ERROR - Scraping URl = http://187.160.245.251:8088/acuerdos/Listasaltillo.jsp?offset=20600
root - ERROR - list index out of range = 
PRIMERO

root - ERROR - Scraping URl = http://187.160.245.251:8088/acuerdos/Listasaltillo.jsp?offset=20650
root - ERROR - list index out of range = 
PRIMERO

root - ERROR - Scraping URl = http://187.160.245.251:8088/acuerdos/Listasaltillo.jsp?offset=20700
root - ERROR - list index out of range = 
PRIMERO

root - ERROR - Scraping URl = http://187.160.245.251:8088/acuerdos/Listasaltillo.jsp?offset=20750
root - ERROR - list index out of range = 
PRIMERO

root - ERROR - Scraping URl = http://187.160.245.251:8088/acuerdos/Listasaltillo.jsp?offset=20800
root - ERROR - list index out of range = 
PRIMERO

root - ERROR - Scraping URl = http://187.160.245.251:8088/acuerdos/Listasaltillo.jsp?offset=20850
root - ERROR - list index out of range = 
PRIMERO

root - ERROR - Scraping URl = http://187.160.245.251:8088/acuerdos/Listasaltillo.jsp?offset=20900
root - ERROR - list index out of range = 
PRIMERO

root - ERROR - Scraping URl = http://187.160.245.251:8088/acuerdos/Listasaltillo.jsp?offset=20950
root - ERROR - list index out of range = 
PRIMERO

root - ERROR - Scraping URl = http://187.160.245.251:8088/acuerdos/Listasaltillo.jsp?offset=21000
root - ERROR - list index out of range = 
PRIMERO

root - ERROR - Scraping URl = http://187.160.245.251:8088/acuerdos/Listasaltillo.jsp?offset=21050
root - ERROR - list index out of range = 
PRIMERO

root - ERROR - Scraping URl = http://187.160.245.251:8088/acuerdos/Listasaltillo.jsp?offset=21100
root - ERROR - list index out of range = 
PRIMERO

root - ERROR - Scraping URl = http://187.160.245.251:8088/acuerdos/Listasaltillo.jsp?offset=21150
root - ERROR - list index out of range = 
PRIMERO

root - ERROR - Folio has blank fecha = 1145
root - ERROR - fecha = 
root - ERROR - Scraping URl = http://187.160.245.251:8088/acuerdos/Listasaltillo.jsp?offset=21200
root - ERROR - list index out of range = 
PRIMERO

root - ERROR - Scraping URl = http://187.160.245.251:8088/acuerdos/Listasaltillo.jsp?offset=21250
root - ERROR - list index out of range = 
PRIMERO

root - ERROR - Scraping URl = http://187.160.245.251:8088/acuerdos/Listasaltillo.jsp?offset=21300
root - ERROR - list index out of range = 
PRIMERO

root - ERROR - Folio has blank fecha = 979
root - ERROR - fecha = 
root - ERROR - Scraping URl = http://187.160.245.251:8088/acuerdos/Listasaltillo.jsp?offset=21350
root - ERROR - list index out of range = 
PRIMERO

root - ERROR - Scraping URl = http://187.160.245.251:8088/acuerdos/Listasaltillo.jsp?offset=21400
root - ERROR - list index out of range = 
PRIMERO

root - ERROR - Folio has blank fecha = 862
root - ERROR - fecha = 
root - ERROR - Scraping URl = http://187.160.245.251:8088/acuerdos/Listasaltillo.jsp?offset=21450
root - ERROR - list index out of range = 
PRIMERO

root - ERROR - Scraping URl = http://187.160.245.251:8088/acuerdos/Listasaltillo.jsp?offset=21500
root - ERROR - list index out of range = 
PRIMERO

root - ERROR - Scraping URl = http://187.160.245.251:8088/acuerdos/Listasaltillo.jsp?offset=21550
root - ERROR - list index out of range = 
PRIMERO

root - ERROR - Scraping URl = http://187.160.245.251:8088/acuerdos/Listasaltillo.jsp?offset=21600
root - ERROR - list index out of range = 
PRIMERO

root - ERROR - Folio has blank fecha = 639
root - ERROR - fecha = 
root - ERROR - Scraping URl = http://187.160.245.251:8088/acuerdos/Listasaltillo.jsp?offset=21650
root - ERROR - list index out of range = 
PRIMERO

root - ERROR - Folio has blank fecha = 562
root - ERROR - fecha = 
root - ERROR - Scraping URl = http://187.160.245.251:8088/acuerdos/Listasaltillo.jsp?offset=21700
root - ERROR - list index out of range = 
PRIMERO

root - ERROR - Scraping URl = http://187.160.245.251:8088/acuerdos/Listasaltillo.jsp?offset=21750
root - ERROR - list index out of range = 
PRIMERO

root - ERROR - Folio has blank fecha = 411
root - ERROR - fecha = 
root - ERROR - Scraping URl = http://187.160.245.251:8088/acuerdos/Listasaltillo.jsp?offset=21800
root - ERROR - list index out of range = 
PRIMERO

root - ERROR - Scraping URl = http://187.160.245.251:8088/acuerdos/Listasaltillo.jsp?offset=21850
root - ERROR - list index out of range = 
PRIMERO

root - ERROR - Scraping URl = http://187.160.245.251:8088/acuerdos/Listasaltillo.jsp?offset=21900
root - ERROR - list index out of range = 
PRIMERO

root - ERROR - Scraping URl = http://187.160.245.251:8088/acuerdos/Listasaltillo.jsp?offset=21950
root - ERROR - list index out of range = 
PRIMERO

root - ERROR - Scraping URl = http://187.160.245.251:8088/acuerdos/Listasaltillo.jsp?offset=22000
root - ERROR - list index out of range = 
PRIMERO

root - ERROR - Folio has blank fecha = 170
root - ERROR - fecha = 
root - ERROR - Scraping URl = http://187.160.245.251:8088/acuerdos/Listasaltillo.jsp?offset=22050
root - ERROR - list index out of range = 
PRIMERO

root - ERROR - Scraping URl = http://187.160.245.251:8088/acuerdos/Listasaltillo.jsp?offset=22100
root - ERROR - list index out of range = 
PRIMERO

root - ERROR - Folio has blank fecha = 57
root - ERROR - fecha = 
root - ERROR - Folio has blank fecha = 56
root - ERROR - fecha = 
root - ERROR - Folio has blank fecha = 43
root - ERROR - fecha = 
root - ERROR - Folio has blank fecha = 42
root - ERROR - fecha = 
root - ERROR - Folio has blank fecha = 39
root - ERROR - fecha = 
root - ERROR - Folio has blank fecha = 35
root - ERROR - fecha = 
root - ERROR - Folio has blank fecha = 32
root - ERROR - fecha = 
root - ERROR - Folio has blank fecha = 28
root - ERROR - fecha = 
root - ERROR - Folio has blank fecha = 25
root - ERROR - fecha = 
root - ERROR - Scraping URl = http://187.160.245.251:8088/acuerdos/Listasaltillo.jsp?offset=22150
root - ERROR - list index out of range = 
PRIMERO

root - ERROR - Scraping URl = http://187.160.245.251:8088/acuerdos/Listasaltillo.jsp?offset=22200
root - ERROR - list index out of range = 
PRIMERO

root - ERROR - Folio has blank fecha = 32926
root - ERROR - fecha = 
root - ERROR - Folio has blank fecha = 32502
root - ERROR - fecha = 
root - ERROR - Folio has blank fecha = 32501
root - ERROR - fecha = 
root - ERROR - Folio has blank fecha = 32436
root - ERROR - fecha = 
root - ERROR - Folio has blank fecha = 27989
root - ERROR - fecha = 
root - ERROR - time data '04/112015' does not match format '%d/%b/%y' = 3422
root - ERROR - fecha = 04/112015
root - ERROR - Folio has blank fecha = 21
root - ERROR - fecha = 
